<?xml version="1.0" encoding="UTF-8"?>
<!-- Generated by org.testng.reporters.JUnitXMLReporter -->
<testsuite ignored="0" hostname="DESKTOP-1I6KDGS" failures="2" tests="4" name="My_First_POM_Test" time="2.555" errors="0" timestamp="2024-08-24T23:05:09 IST">
  <testcase classname="com.main.tests.LoginPageTest" name="loginTest" time="0.862"/>
  <testcase classname="com.main.tests.LoginPageTest" name="openregister" time="1.375"/>
  <testcase classname="com.main.tests.PageFactoryLoginPageTest" name="loginTest" time="0.018">
    <failure type="java.lang.NullPointerException" message="Cannot invoke &amp;quot;org.openqa.selenium.SearchContext.findElement(org.openqa.selenium.By)&amp;quot; because &amp;quot;this.searchContext&amp;quot; is null">
      <![CDATA[java.lang.NullPointerException: Cannot invoke "org.openqa.selenium.SearchContext.findElement(org.openqa.selenium.By)" because "this.searchContext" is null
at org.openqa.selenium.support.pagefactory.DefaultElementLocator.findElement(DefaultElementLocator.java:68)
at org.openqa.selenium.support.pagefactory.internal.LocatingElementHandler.invoke(LocatingElementHandler.java:38)
at jdk.proxy2/jdk.proxy2.$Proxy11.sendKeys(Unknown Source)
at com.setup_driver.PageFactoryLP.setusername(PageFactoryLP.java:34)
at com.main.tests.PageFactoryLoginPageTest.loginTest(PageFactoryLoginPageTest.java:29)
at java.base/java.util.ArrayList.forEach(ArrayList.java:1597)
... Removed 25 stack frames]]>
    </failure>
  </testcase> <!-- loginTest -->
  <testcase classname="com.main.tests.PageFactoryLoginPageTest" name="openregisterpage" time="0.011">
    <failure type="java.lang.NullPointerException" message="Cannot invoke &amp;quot;org.openqa.selenium.WebDriver.getTitle()&amp;quot; because &amp;quot;this.driver&amp;quot; is null">
      <![CDATA[java.lang.NullPointerException: Cannot invoke "org.openqa.selenium.WebDriver.getTitle()" because "this.driver" is null
at com.setup_driver.PageFactoryLP.title(PageFactoryLP.java:46)
at com.main.tests.PageFactoryLoginPageTest.openregisterpage(PageFactoryLoginPageTest.java:37)
at java.base/java.util.ArrayList.forEach(ArrayList.java:1597)
... Removed 25 stack frames]]>
    </failure>
  </testcase> <!-- openregisterpage -->
</testsuite> <!-- My_First_POM_Test -->
